# JRE version: Java(TM) SE Runtime Environment (8.0_73-b02) (build 1.8.0_73-b02)
# Java VM: Java HotSpot(TM) 64-Bit Server VM (25.73-b02 mixed mode windows-amd64 compressed oops)
Heap:
 PSYoungGen      total 233472K, used 233279K [0x00000000eab00000, 0x0000000100000000, 0x0000000100000000)
  eden space 179200K, 100% used [0x00000000eab00000,0x00000000f5a00000,0x00000000f5a00000)
  from space 54272K, 99% used [0x00000000f5a00000,0x00000000f8ecfd68,0x00000000f8f00000)
  to   space 86528K, 91% used [0x00000000fab80000,0x00000000ff88f480,0x0000000100000000)
 ParOldGen       total 596992K, used 483387K [0x00000000c0000000, 0x00000000e4700000, 0x00000000eab00000)
  object space 596992K, 80% used [0x00000000c0000000,0x00000000dd80ec48,0x00000000e4700000)
 Metaspace       used 6575K, capacity 7256K, committed 7424K, reserved 1056768K
  class space    used 624K, capacity 656K, committed 768K, reserved 1048576K
GC Heap History (10 events):
Event: 2.506 GC heap after
Heap after GC invocations=6 (full 0):
 PSYoungGen      total 299008K, used 35244K [0x00000000eab00000, 0x0000000100000000, 0x0000000100000000)
  eden space 259072K, 0% used [0x00000000eab00000,0x00000000eab00000,0x00000000fa800000)
  from space 39936K, 88% used [0x00000000fd900000,0x00000000ffb6b170,0x0000000100000000)
  to   space 45056K, 0% used [0x00000000fa800000,0x00000000fa800000,0x00000000fd400000)
 ParOldGen       total 131072K, used 64105K [0x00000000c0000000, 0x00000000c8000000, 0x00000000eab00000)
  object space 131072K, 48% used [0x00000000c0000000,0x00000000c3e9a6e0,0x00000000c8000000)
 Metaspace       used 6534K, capacity 7256K, committed 7424K, reserved 1056768K
  class space    used 623K, capacity 656K, committed 768K, reserved 1048576K
}
Event: 3.017 GC heap before
{Heap before GC invocations=7 (full 0):
 PSYoungGen      total 299008K, used 294316K [0x00000000eab00000, 0x0000000100000000, 0x0000000100000000)
  eden space 259072K, 100% used [0x00000000eab00000,0x00000000fa800000,0x00000000fa800000)
  from space 39936K, 88% used [0x00000000fd900000,0x00000000ffb6b170,0x0000000100000000)
  to   space 45056K, 0% used [0x00000000fa800000,0x00000000fa800000,0x00000000fd400000)
 ParOldGen       total 131072K, used 64105K [0x00000000c0000000, 0x00000000c8000000, 0x00000000eab00000)
  object space 131072K, 48% used [0x00000000c0000000,0x00000000c3e9a6e0,0x00000000c8000000)
 Metaspace       used 6547K, capacity 7256K, committed 7424K, reserved 1056768K
  class space    used 624K, capacity 656K, committed 768K, reserved 1048576K
Event: 3.075 GC heap after
Heap after GC invocations=7 (full 0):
 PSYoungGen      total 304128K, used 45046K [0x00000000eab00000, 0x0000000100000000, 0x0000000100000000)
  eden space 259072K, 0% used [0x00000000eab00000,0x00000000eab00000,0x00000000fa800000)
  from space 45056K, 99% used [0x00000000fa800000,0x00000000fd3fda88,0x00000000fd400000)
  to   space 45056K, 0% used [0x00000000fd400000,0x00000000fd400000,0x0000000100000000)
 ParOldGen       total 131072K, used 91040K [0x00000000c0000000, 0x00000000c8000000, 0x00000000eab00000)
  object space 131072K, 69% used [0x00000000c0000000,0x00000000c58e8258,0x00000000c8000000)
 Metaspace       used 6547K, capacity 7256K, committed 7424K, reserved 1056768K
  class space    used 624K, capacity 656K, committed 768K, reserved 1048576K
}
Event: 3.584 GC heap before
{Heap before GC invocations=8 (full 0):
 PSYoungGen      total 304128K, used 304118K [0x00000000eab00000, 0x0000000100000000, 0x0000000100000000)
  eden space 259072K, 100% used [0x00000000eab00000,0x00000000fa800000,0x00000000fa800000)
  from space 45056K, 99% used [0x00000000fa800000,0x00000000fd3fda88,0x00000000fd400000)
  to   space 45056K, 0% used [0x00000000fd400000,0x00000000fd400000,0x0000000100000000)
 ParOldGen       total 131072K, used 91040K [0x00000000c0000000, 0x00000000c8000000, 0x00000000eab00000)
  object space 131072K, 69% used [0x00000000c0000000,0x00000000c58e8258,0x00000000c8000000)
 Metaspace       used 6562K, capacity 7256K, committed 7424K, reserved 1056768K
  class space    used 624K, capacity 656K, committed 768K, reserved 1048576K
Event: 3.642 GC heap after
Heap after GC invocations=8 (full 0):
 PSYoungGen      total 224256K, used 45031K [0x00000000eab00000, 0x0000000100000000, 0x0000000100000000)
  eden space 179200K, 0% used [0x00000000eab00000,0x00000000eab00000,0x00000000f5a00000)
  from space 45056K, 99% used [0x00000000fd400000,0x00000000ffff9cb8,0x0000000100000000)
  to   space 84992K, 0% used [0x00000000f5a00000,0x00000000f5a00000,0x00000000fad00000)
 ParOldGen       total 131072K, used 128196K [0x00000000c0000000, 0x00000000c8000000, 0x00000000eab00000)
  object space 131072K, 97% used [0x00000000c0000000,0x00000000c7d310b0,0x00000000c8000000)
 Metaspace       used 6562K, capacity 7256K, committed 7424K, reserved 1056768K
  class space    used 624K, capacity 656K, committed 768K, reserved 1048576K
}
Event: 3.642 GC heap before
{Heap before GC invocations=9 (full 1):
 PSYoungGen      total 224256K, used 45031K [0x00000000eab00000, 0x0000000100000000, 0x0000000100000000)
  eden space 179200K, 0% used [0x00000000eab00000,0x00000000eab00000,0x00000000f5a00000)
  from space 45056K, 99% used [0x00000000fd400000,0x00000000ffff9cb8,0x0000000100000000)
  to   space 84992K, 0% used [0x00000000f5a00000,0x00000000f5a00000,0x00000000fad00000)
 ParOldGen       total 131072K, used 128196K [0x00000000c0000000, 0x00000000c8000000, 0x00000000eab00000)
  object space 131072K, 97% used [0x00000000c0000000,0x00000000c7d310b0,0x00000000c8000000)
 Metaspace       used 6562K, capacity 7256K, committed 7424K, reserved 1056768K
  class space    used 624K, capacity 656K, committed 768K, reserved 1048576K
Event: 4.285 GC heap after
Heap after GC invocations=9 (full 1):
 PSYoungGen      total 224256K, used 36716K [0x00000000eab00000, 0x0000000100000000, 0x0000000100000000)
  eden space 179200K, 0% used [0x00000000eab00000,0x00000000eab00000,0x00000000f5a00000)
  from space 45056K, 81% used [0x00000000fd400000,0x00000000ff7db1a0,0x0000000100000000)
  to   space 84992K, 0% used [0x00000000f5a00000,0x00000000f5a00000,0x00000000fad00000)
 ParOldGen       total 256512K, used 130631K [0x00000000c0000000, 0x00000000cfa80000, 0x00000000eab00000)
  object space 256512K, 50% used [0x00000000c0000000,0x00000000c7f91cf0,0x00000000cfa80000)
 Metaspace       used 6562K, capacity 7256K, committed 7424K, reserved 1056768K
  class space    used 624K, capacity 656K, committed 768K, reserved 1048576K
}
Event: 4.580 GC heap before
{Heap before GC invocations=10 (full 1):
 PSYoungGen      total 224256K, used 215916K [0x00000000eab00000, 0x0000000100000000, 0x0000000100000000)
  eden space 179200K, 100% used [0x00000000eab00000,0x00000000f5a00000,0x00000000f5a00000)
  from space 45056K, 81% used [0x00000000fd400000,0x00000000ff7db1a0,0x0000000100000000)
  to   space 84992K, 0% used [0x00000000f5a00000,0x00000000f5a00000,0x00000000fad00000)
 ParOldGen       total 256512K, used 130631K [0x00000000c0000000, 0x00000000cfa80000, 0x00000000eab00000)
  object space 256512K, 50% used [0x00000000c0000000,0x00000000c7f91cf0,0x00000000cfa80000)
 Metaspace       used 6570K, capacity 7256K, committed 7424K, reserved 1056768K
  class space    used 624K, capacity 656K, committed 768K, reserved 1048576K
Event: 4.638 GC heap after
Heap after GC invocations=10 (full 1):
 PSYoungGen      total 233472K, used 54079K [0x00000000eab00000, 0x0000000100000000, 0x0000000100000000)
  eden space 179200K, 0% used [0x00000000eab00000,0x00000000eab00000,0x00000000f5a00000)
  from space 54272K, 99% used [0x00000000f5a00000,0x00000000f8ecfd68,0x00000000f8f00000)
  to   space 86528K, 0% used [0x00000000fab80000,0x00000000fab80000,0x0000000100000000)
 ParOldGen       total 256512K, used 143360K [0x00000000c0000000, 0x00000000cfa80000, 0x00000000eab00000)
  object space 256512K, 55% used [0x00000000c0000000,0x00000000c8c000b0,0x00000000cfa80000)
 Metaspace       used 6570K, capacity 7256K, committed 7424K, reserved 1056768K
  class space    used 624K, capacity 656K, committed 768K, reserved 1048576K
}
Event: 4.943 GC heap before
{Heap before GC invocations=11 (full 1):
 PSYoungGen      total 233472K, used 233279K [0x00000000eab00000, 0x0000000100000000, 0x0000000100000000)
  eden space 179200K, 100% used [0x00000000eab00000,0x00000000f5a00000,0x00000000f5a00000)
  from space 54272K, 99% used [0x00000000f5a00000,0x00000000f8ecfd68,0x00000000f8f00000)
  to   space 86528K, 0% used [0x00000000fab80000,0x00000000fab80000,0x0000000100000000)
 ParOldGen       total 256512K, used 143360K [0x00000000c0000000, 0x00000000cfa80000, 0x00000000eab00000)
  object space 256512K, 55% used [0x00000000c0000000,0x00000000c8c000b0,0x00000000cfa80000)
 Metaspace       used 6575K, capacity 7256K, committed 7424K, reserved 1056768K
  class space    used 624K, capacity 656K, committed 768K, reserved 1048576K

